# JRE version: OpenJDK Runtime Environment (17.0.6) (build 17.0.6+0-b2043.56-10027231)
# Java VM: OpenJDK 64-Bit Server VM (17.0.6+0-b2043.56-10027231, mixed mode, tiered, compressed oops, compressed class ptrs, g1 gc, windows-amd64)
GC Precious Log:
 CPUs: 12 total, 12 available
 Memory: 5996M
 Large Page Support: Disabled
 NUMA Support: Disabled
 Compressed Oops: Enabled (32-bit)
 Heap Region Size: 1M
 Heap Min Capacity: 8M
 Heap Initial Capacity: 94M
 Heap Max Capacity: 2G
 Pre-touch: Disabled
 Parallel Workers: 10
 Concurrent Workers: 3
 Concurrent Refinement Workers: 10
 Periodic GC: Disabled
Heap:
 garbage-first heap   total 203776K, used 94101K [0x0000000080000000, 0x0000000100000000)
  region size 1024K, 1 young (1024K), 1 survivors (1024K)
 Metaspace       used 70599K, committed 71232K, reserved 1114112K
  class space    used 9174K, committed 9472K, reserved 1048576K
GC Heap History (20 events):
Event: 5.993 GC heap after
{Heap after GC invocations=23 (full 0):
 garbage-first heap   total 178176K, used 72352K [0x0000000080000000, 0x0000000100000000)
  region size 1024K, 2 young (2048K), 2 survivors (2048K)
 Metaspace       used 53481K, committed 54016K, reserved 1097728K
  class space    used 7080K, committed 7296K, reserved 1048576K
}
Event: 6.581 GC heap before
{Heap before GC invocations=24 (full 0):
 garbage-first heap   total 178176K, used 125600K [0x0000000080000000, 0x0000000100000000)
  region size 1024K, 54 young (55296K), 2 survivors (2048K)
 Metaspace       used 57558K, committed 58112K, reserved 1105920K
  class space    used 7725K, committed 8000K, reserved 1048576K
}
Event: 6.587 GC heap after
{Heap after GC invocations=25 (full 0):
 garbage-first heap   total 178176K, used 76678K [0x0000000080000000, 0x0000000100000000)
  region size 1024K, 7 young (7168K), 7 survivors (7168K)
 Metaspace       used 57558K, committed 58112K, reserved 1105920K
  class space    used 7725K, committed 8000K, reserved 1048576K
}
Event: 6.597 GC heap before
{Heap before GC invocations=25 (full 0):
 garbage-first heap   total 178176K, used 77702K [0x0000000080000000, 0x0000000100000000)
  region size 1024K, 8 young (8192K), 7 survivors (7168K)
 Metaspace       used 57627K, committed 58176K, reserved 1105920K
  class space    used 7739K, committed 8000K, reserved 1048576K
}
Event: 6.601 GC heap after
{Heap after GC invocations=26 (full 0):
 garbage-first heap   total 178176K, used 76825K [0x0000000080000000, 0x0000000100000000)
  region size 1024K, 1 young (1024K), 1 survivors (1024K)
 Metaspace       used 57627K, committed 58176K, reserved 1105920K
  class space    used 7739K, committed 8000K, reserved 1048576K
}
Event: 11.789 GC heap before
{Heap before GC invocations=26 (full 0):
 garbage-first heap   total 178176K, used 134169K [0x0000000080000000, 0x0000000100000000)
  region size 1024K, 58 young (59392K), 1 survivors (1024K)
 Metaspace       used 69036K, committed 69632K, reserved 1114112K
  class space    used 9134K, committed 9408K, reserved 1048576K
}
Event: 11.794 GC heap after
{Heap after GC invocations=27 (full 0):
 garbage-first heap   total 178176K, used 81305K [0x0000000080000000, 0x0000000100000000)
  region size 1024K, 6 young (6144K), 6 survivors (6144K)
 Metaspace       used 69036K, committed 69632K, reserved 1114112K
  class space    used 9134K, committed 9408K, reserved 1048576K
}
Event: 33.797 GC heap before
{Heap before GC invocations=27 (full 0):
 garbage-first heap   total 178176K, used 135577K [0x0000000080000000, 0x0000000100000000)
  region size 1024K, 60 young (61440K), 6 survivors (6144K)
 Metaspace       used 70243K, committed 70848K, reserved 1114112K
  class space    used 9176K, committed 9472K, reserved 1048576K
}
Event: 33.802 GC heap after
{Heap after GC invocations=28 (full 0):
 garbage-first heap   total 178176K, used 84323K [0x0000000080000000, 0x0000000100000000)
  region size 1024K, 4 young (4096K), 4 survivors (4096K)
 Metaspace       used 70243K, committed 70848K, reserved 1114112K
  class space    used 9176K, committed 9472K, reserved 1048576K
}
Event: 46.072 GC heap before
{Heap before GC invocations=28 (full 0):
 garbage-first heap   total 178176K, used 90467K [0x0000000080000000, 0x0000000100000000)
  region size 1024K, 12 young (12288K), 4 survivors (4096K)
 Metaspace       used 70330K, committed 70912K, reserved 1114112K
  class space    used 9178K, committed 9472K, reserved 1048576K
}
Event: 46.117 GC heap after
{Heap after GC invocations=29 (full 0):
 garbage-first heap   total 178176K, used 85063K [0x0000000080000000, 0x0000000100000000)
  region size 1024K, 5 young (5120K), 5 survivors (5120K)
 Metaspace       used 70330K, committed 70912K, reserved 1114112K
  class space    used 9178K, committed 9472K, reserved 1048576K
}
Event: 46.653 GC heap before
{Heap before GC invocations=30 (full 0):
 garbage-first heap   total 203776K, used 155719K [0x0000000080000000, 0x0000000100000000)
  region size 1024K, 63 young (64512K), 5 survivors (5120K)
 Metaspace       used 70505K, committed 71168K, reserved 1114112K
  class space    used 9172K, committed 9472K, reserved 1048576K
}
Event: 46.660 GC heap after
{Heap after GC invocations=31 (full 0):
 garbage-first heap   total 203776K, used 92874K [0x0000000080000000, 0x0000000100000000)
  region size 1024K, 6 young (6144K), 6 survivors (6144K)
 Metaspace       used 70505K, committed 71168K, reserved 1114112K
  class space    used 9172K, committed 9472K, reserved 1048576K
}
Event: 46.683 GC heap before
{Heap before GC invocations=31 (full 0):
 garbage-first heap   total 203776K, used 95946K [0x0000000080000000, 0x0000000100000000)
  region size 1024K, 9 young (9216K), 6 survivors (6144K)
 Metaspace       used 70523K, committed 71168K, reserved 1114112K
  class space    used 9172K, committed 9472K, reserved 1048576K
}
Event: 46.705 GC heap after
{Heap after GC invocations=32 (full 0):
 garbage-first heap   total 203776K, used 92401K [0x0000000080000000, 0x0000000100000000)
  region size 1024K, 1 young (1024K), 1 survivors (1024K)
 Metaspace       used 70523K, committed 71168K, reserved 1114112K
  class space    used 9172K, committed 9472K, reserved 1048576K
}
Event: 46.803 GC heap before
{Heap before GC invocations=32 (full 0):
 garbage-first heap   total 203776K, used 162033K [0x0000000080000000, 0x0000000100000000)
  region size 1024K, 70 young (71680K), 1 survivors (1024K)
 Metaspace       used 70584K, committed 71232K, reserved 1114112K
  class space    used 9174K, committed 9472K, reserved 1048576K
}
Event: 46.807 GC heap after
{Heap after GC invocations=33 (full 0):
 garbage-first heap   total 203776K, used 93265K [0x0000000080000000, 0x0000000100000000)
  region size 1024K, 2 young (2048K), 2 survivors (2048K)
 Metaspace       used 70584K, committed 71232K, reserved 1114112K
  class space    used 9174K, committed 9472K, reserved 1048576K
}
Event: 46.930 GC heap before
{Heap before GC invocations=34 (full 0):
 garbage-first heap   total 203776K, used 169041K [0x0000000080000000, 0x0000000100000000)
  region size 1024K, 77 young (78848K), 2 survivors (2048K)
 Metaspace       used 70599K, committed 71232K, reserved 1114112K
  class space    used 9174K, committed 9472K, reserved 1048576K
}
Event: 46.936 GC heap after
{Heap after GC invocations=35 (full 0):
 garbage-first heap   total 203776K, used 94169K [0x0000000080000000, 0x0000000100000000)
  region size 1024K, 3 young (3072K), 3 survivors (3072K)
 Metaspace       used 70599K, committed 71232K, reserved 1114112K
  class space    used 9174K, committed 9472K, reserved 1048576K
}
Event: 46.942 GC heap before
{Heap before GC invocations=35 (full 0):
 garbage-first heap   total 203776K, used 100313K [0x0000000080000000, 0x0000000100000000)
  region size 1024K, 9 young (9216K), 3 survivors (3072K)
 Metaspace       used 70599K, committed 71232K, reserved 1114112K
  class space    used 9174K, committed 9472K, reserved 1048576K
}

