# JRE version: OpenJDK Runtime Environment (17.0.6) (build 17.0.6+0-b2043.56-10027231)
# Java VM: OpenJDK 64-Bit Server VM (17.0.6+0-b2043.56-10027231, mixed mode, tiered, compressed oops, compressed class ptrs, g1 gc, windows-amd64)
GC Precious Log:
 CPUs: 12 total, 12 available
 Memory: 5996M
 Large Page Support: Disabled
 NUMA Support: Disabled
 Compressed Oops: Enabled (32-bit)
 Heap Region Size: 1M
 Heap Min Capacity: 8M
 Heap Initial Capacity: 94M
 Heap Max Capacity: 2G
 Pre-touch: Disabled
 Parallel Workers: 10
 Concurrent Workers: 3
 Concurrent Refinement Workers: 10
 Periodic GC: Disabled
Heap:
 garbage-first heap   total 317440K, used 223657K [0x0000000080000000, 0x0000000100000000)
  region size 1024K, 92 young (94208K), 15 survivors (15360K)
 Metaspace       used 99441K, committed 100224K, reserved 1138688K
  class space    used 13365K, committed 13696K, reserved 1048576K
GC Heap History (20 events):
Event: 12.327 GC heap before
{Heap before GC invocations=37 (full 0):
 garbage-first heap   total 312320K, used 267375K [0x0000000080000000, 0x0000000100000000)
  region size 1024K, 183 young (187392K), 8 survivors (8192K)
 Metaspace       used 55241K, committed 55808K, reserved 1097728K
  class space    used 7326K, committed 7552K, reserved 1048576K
}
Event: 12.334 GC heap after
{Heap after GC invocations=38 (full 0):
 garbage-first heap   total 312320K, used 89530K [0x0000000080000000, 0x0000000100000000)
  region size 1024K, 10 young (10240K), 10 survivors (10240K)
 Metaspace       used 55241K, committed 55808K, reserved 1097728K
  class space    used 7326K, committed 7552K, reserved 1048576K
}
Event: 14.219 GC heap before
{Heap before GC invocations=38 (full 0):
 garbage-first heap   total 312320K, used 266682K [0x0000000080000000, 0x0000000100000000)
  region size 1024K, 183 young (187392K), 10 survivors (10240K)
 Metaspace       used 55252K, committed 55808K, reserved 1097728K
  class space    used 7326K, committed 7552K, reserved 1048576K
}
Event: 14.226 GC heap after
{Heap after GC invocations=39 (full 0):
 garbage-first heap   total 312320K, used 90494K [0x0000000080000000, 0x0000000100000000)
  region size 1024K, 10 young (10240K), 10 survivors (10240K)
 Metaspace       used 55252K, committed 55808K, reserved 1097728K
  class space    used 7326K, committed 7552K, reserved 1048576K
}
Event: 14.702 GC heap before
{Heap before GC invocations=39 (full 0):
 garbage-first heap   total 312320K, used 267646K [0x0000000080000000, 0x0000000100000000)
  region size 1024K, 183 young (187392K), 10 survivors (10240K)
 Metaspace       used 55253K, committed 55808K, reserved 1097728K
  class space    used 7326K, committed 7552K, reserved 1048576K
}
Event: 14.710 GC heap after
{Heap after GC invocations=40 (full 0):
 garbage-first heap   total 312320K, used 91784K [0x0000000080000000, 0x0000000100000000)
  region size 1024K, 10 young (10240K), 10 survivors (10240K)
 Metaspace       used 55253K, committed 55808K, reserved 1097728K
  class space    used 7326K, committed 7552K, reserved 1048576K
}
Event: 15.044 GC heap before
{Heap before GC invocations=40 (full 0):
 garbage-first heap   total 312320K, used 268936K [0x0000000080000000, 0x0000000100000000)
  region size 1024K, 183 young (187392K), 10 survivors (10240K)
 Metaspace       used 55253K, committed 55808K, reserved 1097728K
  class space    used 7326K, committed 7552K, reserved 1048576K
}
Event: 15.052 GC heap after
{Heap after GC invocations=41 (full 0):
 garbage-first heap   total 312320K, used 92702K [0x0000000080000000, 0x0000000100000000)
  region size 1024K, 11 young (11264K), 11 survivors (11264K)
 Metaspace       used 55253K, committed 55808K, reserved 1097728K
  class space    used 7326K, committed 7552K, reserved 1048576K
}
Event: 15.974 GC heap before
{Heap before GC invocations=41 (full 0):
 garbage-first heap   total 312320K, used 270878K [0x0000000080000000, 0x0000000100000000)
  region size 1024K, 183 young (187392K), 11 survivors (11264K)
 Metaspace       used 55410K, committed 56064K, reserved 1105920K
  class space    used 7343K, committed 7616K, reserved 1048576K
}
Event: 15.977 GC heap after
{Heap after GC invocations=42 (full 0):
 garbage-first heap   total 312320K, used 82978K [0x0000000080000000, 0x0000000100000000)
  region size 1024K, 4 young (4096K), 4 survivors (4096K)
 Metaspace       used 55410K, committed 56064K, reserved 1105920K
  class space    used 7343K, committed 7616K, reserved 1048576K
}
Event: 16.745 GC heap before
{Heap before GC invocations=42 (full 0):
 garbage-first heap   total 312320K, used 270370K [0x0000000080000000, 0x0000000100000000)
  region size 1024K, 183 young (187392K), 4 survivors (4096K)
 Metaspace       used 55424K, committed 56064K, reserved 1105920K
  class space    used 7344K, committed 7616K, reserved 1048576K
}
Event: 16.748 GC heap after
{Heap after GC invocations=43 (full 0):
 garbage-first heap   total 312320K, used 84851K [0x0000000080000000, 0x0000000100000000)
  region size 1024K, 3 young (3072K), 3 survivors (3072K)
 Metaspace       used 55424K, committed 56064K, reserved 1105920K
  class space    used 7344K, committed 7616K, reserved 1048576K
}
Event: 17.816 GC heap before
{Heap before GC invocations=43 (full 0):
 garbage-first heap   total 312320K, used 269171K [0x0000000080000000, 0x0000000100000000)
  region size 1024K, 183 young (187392K), 3 survivors (3072K)
 Metaspace       used 55426K, committed 56064K, reserved 1105920K
  class space    used 7344K, committed 7616K, reserved 1048576K
}
Event: 17.820 GC heap after
{Heap after GC invocations=44 (full 0):
 garbage-first heap   total 312320K, used 87065K [0x0000000080000000, 0x0000000100000000)
  region size 1024K, 6 young (6144K), 6 survivors (6144K)
 Metaspace       used 55426K, committed 56064K, reserved 1105920K
  class space    used 7344K, committed 7616K, reserved 1048576K
}
Event: 19.867 GC heap before
{Heap before GC invocations=44 (full 0):
 garbage-first heap   total 312320K, used 277529K [0x0000000080000000, 0x0000000100000000)
  region size 1024K, 183 young (187392K), 6 survivors (6144K)
 Metaspace       used 60350K, committed 60864K, reserved 1105920K
  class space    used 8053K, committed 8256K, reserved 1048576K
}
Event: 19.874 GC heap after
{Heap after GC invocations=45 (full 0):
 garbage-first heap   total 312320K, used 96834K [0x0000000080000000, 0x0000000100000000)
  region size 1024K, 10 young (10240K), 10 survivors (10240K)
 Metaspace       used 60350K, committed 60864K, reserved 1105920K
  class space    used 8053K, committed 8256K, reserved 1048576K
}
Event: 22.903 GC heap before
{Heap before GC invocations=45 (full 0):
 garbage-first heap   total 312320K, used 272962K [0x0000000080000000, 0x0000000100000000)
  region size 1024K, 176 young (180224K), 10 survivors (10240K)
 Metaspace       used 78518K, committed 79168K, reserved 1122304K
  class space    used 10443K, committed 10752K, reserved 1048576K
}
Event: 22.941 GC heap after
{Heap after GC invocations=46 (full 0):
 garbage-first heap   total 312320K, used 108693K [0x0000000080000000, 0x0000000100000000)
  region size 1024K, 22 young (22528K), 22 survivors (22528K)
 Metaspace       used 78518K, committed 79168K, reserved 1122304K
  class space    used 10443K, committed 10752K, reserved 1048576K
}
Event: 27.068 GC heap before
{Heap before GC invocations=46 (full 0):
 garbage-first heap   total 312320K, used 277653K [0x0000000080000000, 0x0000000100000000)
  region size 1024K, 166 young (169984K), 22 survivors (22528K)
 Metaspace       used 88634K, committed 89408K, reserved 1130496K
  class space    used 12046K, committed 12416K, reserved 1048576K
}
Event: 27.119 GC heap after
{Heap after GC invocations=47 (full 0):
 garbage-first heap   total 317440K, used 145833K [0x0000000080000000, 0x0000000100000000)
  region size 1024K, 15 young (15360K), 15 survivors (15360K)
 Metaspace       used 88634K, committed 89408K, reserved 1130496K
  class space    used 12046K, committed 12416K, reserved 1048576K
}

